-------------------------------------------------------------------------------
Test set: com.genpact.library.LibraryServiceApplicationTests
-------------------------------------------------------------------------------
Tests run: 1, Failures: 0, Errors: 1, Skipped: 0, Time elapsed: 6.662 s <<< FAILURE! - in com.genpact.library.LibraryServiceApplicationTests
whenUserIdIsProvided_thenRetrievedNameIsCorrect  Time elapsed: 0.076 s  <<< ERROR!
java.lang.IllegalStateException: Failed to load ApplicationContext
Caused by: org.springframework.beans.factory.support.BeanDefinitionOverrideException: Invalid bean definition with name 'libraryService' defined in class path resource [com/genpact/library/LibraryServiceTestConfiguration.class]: Cannot register bean definition [Root bean: class [null]; scope=; abstract=false; lazyInit=null; autowireMode=3; dependencyCheck=0; autowireCandidate=true; primary=true; factoryBeanName=libraryServiceTestConfiguration; factoryMethodName=libraryService; initMethodName=null; destroyMethodName=(inferred); defined in class path resource [com/genpact/library/LibraryServiceTestConfiguration.class]] for bean 'libraryService': There is already [Generic bean: class [com.genpact.library.service.LibraryService]; scope=singleton; abstract=false; lazyInit=null; autowireMode=0; dependencyCheck=0; autowireCandidate=true; primary=false; factoryBeanName=null; factoryMethodName=null; initMethodName=null; destroyMethodName=null; defined in file [C:\Microservices\library-service\target\classes\com\genpact\library\service\LibraryService.class]] bound.

